<?xml version="1.0" encoding="UTF-8"?>
<!-- Generated by org.testng.reporters.JUnitReportReporter -->
<testsuite hostname="DESKTOP-E4BMV6L" failures="0" tests="1" name="testcases.DashboardPageTest" time="6.045" errors="0" timestamp="2024-04-29T10:31:55 BDT" skipped="0">
  <testcase classname="testcases.DashboardPageTest" name="dashboardtest" time="6.045"/>
</testsuite> <!-- testcases.DashboardPageTest -->
