<?xml version="1.0" encoding="UTF-8"?>
<!-- Generated by org.testng.reporters.JUnitReportReporter -->
<testsuite hostname="DESKTOP-E4BMV6L" failures="0" tests="2" name="testcases.WriterPageTest" time="8.730" errors="0" timestamp="2024-04-29T10:31:55 BDT" skipped="0">
  <testcase classname="testcases.WriterPageTest" name="scrolwriterpagetest" time="1.121"/>
  <testcase classname="testcases.WriterPageTest" name="nextpageclick" time="7.609"/>
</testsuite> <!-- testcases.WriterPageTest -->
