<?xml version="1.0" encoding="UTF-8"?>
<!-- Generated by org.testng.reporters.JUnitReportReporter -->
<testsuite hostname="DESKTOP-E4BMV6L" failures="0" tests="3" name="testcases.OrderBookTest" time="8.768" errors="0" timestamp="2024-04-29T10:31:55 BDT" skipped="0">
  <testcase classname="testcases.OrderBookTest" name="title" time="1.042"/>
  <testcase classname="testcases.OrderBookTest" name="enablebutton" time="1.011"/>
  <testcase classname="testcases.OrderBookTest" name="clickorder" time="6.715"/>
</testsuite> <!-- testcases.OrderBookTest -->
