<?xml version="1.0" encoding="UTF-8"?>
<!-- Generated by org.testng.reporters.JUnitReportReporter -->
<testsuite hostname="DESKTOP-E4BMV6L" failures="0" tests="1" name="testcases.ShipingInformationTest" time="5.987" errors="0" timestamp="2024-04-28T18:32:40 BDT" skipped="0">
  <testcase classname="testcases.ShipingInformationTest" name="Shipingdetails" time="5.987"/>
</testsuite> <!-- testcases.ShipingInformationTest -->
