<?xml version="1.0" encoding="UTF-8"?>
<!-- Generated by org.testng.reporters.JUnitReportReporter -->
<testsuite hostname="DESKTOP-E4BMV6L" failures="0" tests="2" name="testcases.HomePageTest" time="6.562" errors="0" timestamp="2024-04-29T10:31:55 BDT" skipped="0">
  <testcase classname="testcases.HomePageTest" name="homepagetitle" time="3.145"/>
  <testcase classname="testcases.HomePageTest" name="clicklogin" time="3.417"/>
</testsuite> <!-- testcases.HomePageTest -->
