<?xml version="1.0" encoding="UTF-8"?>
<!-- Generated by org.testng.reporters.JUnitReportReporter -->
<testsuite hostname="DESKTOP-E4BMV6L" failures="0" tests="2" name="testcases.SelectWriterTest" time="3.346" errors="0" timestamp="2024-04-29T10:31:55 BDT" skipped="0">
  <testcase classname="testcases.SelectWriterTest" name="enablebutton" time="1.082"/>
  <testcase classname="testcases.SelectWriterTest" name="choosewriter" time="2.264"/>
</testsuite> <!-- testcases.SelectWriterTest -->
