<?xml version="1.0" encoding="UTF-8"?>
<!-- Generated by org.testng.reporters.JUnitReportReporter -->
<testsuite hostname="DESKTOP-E4BMV6L" failures="0" tests="5" name="testcases.SelectBookTest" time="16.391" errors="0" timestamp="2024-04-29T10:31:55 BDT" skipped="0">
  <testcase classname="testcases.SelectBookTest" name="title" time="0.966"/>
  <testcase classname="testcases.SelectBookTest" name="enablechecknox" time="1.017"/>
  <testcase classname="testcases.SelectBookTest" name="enabledropdown" time="0.991"/>
  <testcase classname="testcases.SelectBookTest" name="tapcheckboxanddropdown" time="6.235"/>
  <testcase classname="testcases.SelectBookTest" name="PopupWindowHandling" time="7.182"/>
</testsuite> <!-- testcases.SelectBookTest -->
